<?xml version="1.0" encoding="UTF-8"?>
<!-- Generated by org.testng.reporters.JUnitReportReporter -->
<testsuite hostname="Lauras-MacBook-Pro.local" failures="0" tests="2" name="TestAccount" time="16.356" errors="0" timestamp="2021-08-09T21:12:28 CST" skipped="0">
  <testcase classname="TestAccount" name="Test_Login_Successful" time="10.833"/>
  <testcase classname="TestAccount" name="Test_Login_Unsuccessful" time="5.523"/>
</testsuite> <!-- TestAccount -->
